rm -f kernel/kernel.o kernel/syscall.o kernel/start.o kernel/main.o kernel/clock.o kernel/i8259.o kernel/global.o kernel/protect.o kernel/proc.o lib/kliba.o lib/klib.o lib/string.o boot/boot.bin boot/loader.bin kernel.bin
nasm -I boot/include/ -o boot/boot.bin boot/boot.asm
nasm -I boot/include/ -o boot/loader.bin boot/loader.asm
nasm -I include/ -f elf -o kernel/kernel.o kernel/kernel.asm
nasm -I include/ -f elf -o kernel/syscall.o kernel/syscall.asm
gcc -I include/ -c -fno-builtin -w -fno-stack-protector -m32 -o kernel/start.o kernel/start.c
gcc -I include/ -c -fno-builtin -w -fno-stack-protector -m32 -o kernel/main.o kernel/main.c
gcc -I include/ -c -fno-builtin -w -fno-stack-protector -m32 -o kernel/clock.o kernel/clock.c
gcc -I include/ -c -fno-builtin -w -fno-stack-protector -m32 -o kernel/i8259.o kernel/i8259.c
gcc -I include/ -c -fno-builtin -w -fno-stack-protector -m32 -o kernel/global.o kernel/global.c
gcc -I include/ -c -fno-builtin -w -fno-stack-protector -m32 -o kernel/protect.o kernel/protect.c
gcc -I include/ -c -fno-builtin -w -fno-stack-protector -m32 -o kernel/proc.o kernel/proc.c
nasm -I include/ -f elf -o lib/kliba.o lib/kliba.asm
gcc -I include/ -c -fno-builtin -w -fno-stack-protector -m32 -o lib/klib.o lib/klib.c
nasm -I include/ -f elf -o lib/string.o lib/string.asm
ld -s -Ttext 0x30400 -m elf_i386 -o kernel.bin kernel/kernel.o kernel/syscall.o kernel/start.o kernel/main.o kernel/clock.o kernel/i8259.o kernel/global.o kernel/protect.o kernel/proc.o lib/kliba.o lib/klib.o lib/string.o
rm -f kernel/kernel.o kernel/syscall.o kernel/start.o kernel/main.o kernel/clock.o kernel/i8259.o kernel/global.o kernel/protect.o kernel/proc.o lib/kliba.o lib/klib.o lib/string.o
dd if=boot/boot.bin of=a.img bs=512 count=1 conv=notrunc
1+0 records in
1+0 records out
512 bytes copied, 2.81e-05 s, 18.2 MB/s
sudo mount -o loop a.img /mnt/floppy/
sudo cp -fv boot/loader.bin /mnt/floppy/
'boot/loader.bin' -> '/mnt/floppy/loader.bin'
sudo cp -fv kernel.bin /mnt/floppy
'kernel.bin' -> '/mnt/floppy/kernel.bin'
sudo umount /mnt/floppy
